{
  "RSpec": {
    "coverage": {
      "/Users/austincarr-jones/turing_work/4mod/intermission/tea_service/app/models/customer.rb": {
        "lines": [
          1,
          1,
          null,
          1,
          1,
          null
        ]
      },
      "/Users/austincarr-jones/turing_work/4mod/intermission/tea_service/app/models/application_record.rb": {
        "lines": [
          1,
          1,
          null
        ]
      },
      "/Users/austincarr-jones/turing_work/4mod/intermission/tea_service/app/models/tea.rb": {
        "lines": [
          1,
          1,
          null,
          1,
          1,
          null
        ]
      },
      "/Users/austincarr-jones/turing_work/4mod/intermission/tea_service/app/controllers/api/v1/subscriptions_controller.rb": {
        "lines": [
          1,
          null,
          1,
          1,
          1,
          1,
          null,
          0,
          null,
          null,
          null,
          1,
          null,
          1,
          1,
          null,
          null
        ]
      },
      "/Users/austincarr-jones/turing_work/4mod/intermission/tea_service/app/controllers/application_controller.rb": {
        "lines": [
          1,
          null
        ]
      },
      "/Users/austincarr-jones/turing_work/4mod/intermission/tea_service/app/models/subscription.rb": {
        "lines": [
          1,
          1,
          1,
          null,
          1,
          1,
          null,
          1,
          null,
          1,
          null,
          null,
          1,
          null,
          1,
          1,
          0,
          1,
          1,
          0,
          0,
          null,
          null,
          null,
          1,
          1,
          null,
          null,
          null
        ]
      },
      "/Users/austincarr-jones/turing_work/4mod/intermission/tea_service/app/serializers/subscription_serializer.rb": {
        "lines": [
          1,
          1,
          1,
          null
        ]
      }
    },
    "timestamp": 1723787257
  }
}
