{
  "RSpec": {
    "coverage": {
      "/Users/austincarr-jones/turing_work/4mod/intermission/tea_service/app/models/customer.rb": {
        "lines": [
          1,
          1,
          null,
          1,
          1,
          null
        ]
      },
      "/Users/austincarr-jones/turing_work/4mod/intermission/tea_service/app/models/application_record.rb": {
        "lines": [
          1,
          1,
          null
        ]
      },
      "/Users/austincarr-jones/turing_work/4mod/intermission/tea_service/spec/models/subscription_spec.rb": {
        "lines": [
          1,
          null,
          1,
          1,
          2,
          2,
          2,
          2,
          null,
          null,
          1,
          2,
          2,
          null,
          null
        ]
      },
      "/Users/austincarr-jones/turing_work/4mod/intermission/tea_service/app/models/subscription.rb": {
        "lines": [
          1,
          1,
          1,
          null,
          1,
          1,
          null,
          1,
          null,
          1,
          null,
          1,
          null,
          1,
          0,
          0,
          0,
          0,
          0,
          0,
          null,
          null,
          null,
          null
        ]
      },
      "/Users/austincarr-jones/turing_work/4mod/intermission/tea_service/spec/models/tea_spec.rb": {
        "lines": [
          1,
          null,
          1,
          1,
          2,
          2,
          null,
          null,
          1,
          2,
          null,
          null
        ]
      },
      "/Users/austincarr-jones/turing_work/4mod/intermission/tea_service/app/models/tea.rb": {
        "lines": [
          1,
          1,
          null,
          1,
          1,
          null
        ]
      }
    },
    "timestamp": 1723782958
  }
}
